---------------------------------------
Begin Slurm Prolog: Mar-07-2026 18:00:57
Job ID:    4266469
User ID:   rtulsyan3
Account:   coc
Job name:  cs6210-proj
Partition: coc-cpu
QOS:       coc-ice
---------------------------------------
Started on atl1-1-02-012-5-1.pace.gatech.edu
[AVG]Number of threads 2, number of processes 6, avg time 0.000045383
[MAX]Number of threads 2, number of processes 6, max time 0.004541159
---------------------------------------
Begin Slurm Epilog: Mar-07-2026 18:01:00
Job ID:        4266469
User ID:       rtulsyan3
Account:       coc
Job name:      cs6210-proj
Resources:     cpu=12,mem=12G,node=6
Rsrc Used:     cput=00:00:48,vmem=0,walltime=00:00:04,mem=14040K,energy_used=0
Partition:     coc-cpu
QOS:           coc-ice
Nodes:         atl1-1-02-012-5-[1-2],atl1-1-02-012-6-[1-2],atl1-1-02-012-7-[1-2]
---------------------------------------
