---------------------------------------
Begin Slurm Prolog: Mar-07-2026 18:02:04
Job ID:    4266487
User ID:   rtulsyan3
Account:   coc
Job name:  cs6210-proj2-combined-10
Partition: coc-cpu
QOS:       coc-ice
---------------------------------------
Started on atl1-1-01-005-1-2.pace.gatech.edu
[AVG]Number of threads 10, number of processes 6, avg time 0.001357651
[MAX]Number of threads 10, number of processes 6, max time 0.135776758
---------------------------------------
Begin Slurm Epilog: Mar-07-2026 18:02:06
Job ID:        4266487
User ID:       rtulsyan3
Account:       coc
Job name:      cs6210-proj2-combined-10
Resources:     cpu=60,mem=60G,node=6
Rsrc Used:     cput=00:02:00,vmem=0,walltime=00:00:02,mem=14900K,energy_used=0
Partition:     coc-cpu
QOS:           coc-ice
Nodes:         atl1-1-01-005-1-2,atl1-1-01-005-2-[1-2],atl1-1-01-005-3-[1-2],atl1-1-01-005-4-1
---------------------------------------
