---------------------------------------
Begin Slurm Prolog: Mar-07-2026 18:02:01
Job ID:    4266486
User ID:   rtulsyan3
Account:   coc
Job name:  cs6210-proj2-combined-8
Partition: coc-cpu
QOS:       coc-ice
---------------------------------------
Started on atl1-1-01-005-2-1.pace.gatech.edu
[AVG]Number of threads 8, number of processes 6, avg time 0.000257083
[MAX]Number of threads 8, number of processes 6, max time 0.025718689
---------------------------------------
Begin Slurm Epilog: Mar-07-2026 18:02:03
Job ID:        4266486
User ID:       rtulsyan3
Account:       coc
Job name:      cs6210-proj2-combined-8
Resources:     cpu=48,mem=48G,node=6
Rsrc Used:     cput=00:01:36,vmem=0,walltime=00:00:02,mem=14680K,energy_used=0
Partition:     coc-cpu
QOS:           coc-ice
Nodes:         atl1-1-01-005-2-[1-2],atl1-1-01-005-3-[1-2],atl1-1-01-005-4-[1-2]
---------------------------------------
