---------------------------------------
Begin Slurm Prolog: Mar-07-2026 17:29:52
Job ID:    4265822
User ID:   rtulsyan3
Account:   coc
Job name:  cs6210-proj2-combined-6
Partition: coc-cpu
QOS:       coc-ice
---------------------------------------
Started on atl1-1-01-005-1-2.pace.gatech.edu
Number of threads 6, number of processes 6, avg time 0.001047921
Number of threads 6, number of processes 6, max time 0.104792118
Number of threads 6, number of processes 6, avg time 0.001047924
Number of threads 6, number of processes 6, max time 0.104792356
Number of threads 6, number of processes 6, avg time 0.001047888
Number of threads 6, number of processes 6, max time 0.104788780
Number of threads 6, number of processes 6, avg time 0.001047668
Number of threads 6, number of processes 6, max time 0.104766846
Number of threads 6, number of processes 6, avg time 0.001047678
Number of threads 6, number of processes 6, max time 0.104767799
Number of threads 6, number of processes 6, avg time 0.001047797
Number of threads 6, number of processes 6, max time 0.104779720
---------------------------------------
Begin Slurm Epilog: Mar-07-2026 17:29:54
Job ID:        4265822
User ID:       rtulsyan3
Account:       coc
Job name:      cs6210-proj2-combined-6
Resources:     cpu=36,mem=36G,node=6
Rsrc Used:     cput=00:01:12,vmem=0,walltime=00:00:02,mem=14568K,energy_used=0
Partition:     coc-cpu
QOS:           coc-ice
Nodes:         atl1-1-01-005-1-2,atl1-1-01-005-2-[1-2],atl1-1-01-005-3-[1-2],atl1-1-01-005-4-1
---------------------------------------
