---------------------------------------
Begin Slurm Prolog: Mar-07-2026 17:29:37
Job ID:    4265820
User ID:   rtulsyan3
Account:   coc
Job name:  cs6210-proj2-combined-2
Partition: coc-cpu
QOS:       coc-ice
---------------------------------------
Started on atl1-1-01-005-1-2.pace.gatech.edu
Number of threads 2, number of processes 6, avg time 0.000046651
Number of threads 2, number of processes 6, max time 0.004665136
Number of threads 2, number of processes 6, avg time 0.000046663
Number of threads 2, number of processes 6, max time 0.004666328
Number of threads 2, number of processes 6, avg time 0.000046594
Number of threads 2, number of processes 6, max time 0.004659414
Number of threads 2, number of processes 6, avg time 0.000046637
Number of threads 2, number of processes 6, max time 0.004663706
Number of threads 2, number of processes 6, avg time 0.000046649
Number of threads 2, number of processes 6, max time 0.004664898
Number of threads 2, number of processes 6, avg time 0.000046346
Number of threads 2, number of processes 6, max time 0.004634619
---------------------------------------
Begin Slurm Epilog: Mar-07-2026 17:29:39
Job ID:        4265820
User ID:       rtulsyan3
Account:       coc
Job name:      cs6210-proj2-combined-2
Resources:     cpu=12,mem=12G,node=6
Rsrc Used:     cput=00:00:24,vmem=0,walltime=00:00:02,mem=13920K,energy_used=0
Partition:     coc-cpu
QOS:           coc-ice
Nodes:         atl1-1-01-005-1-2,atl1-1-01-005-2-[1-2],atl1-1-01-005-3-[1-2],atl1-1-01-005-4-1
---------------------------------------
