---------------------------------------
Begin Slurm Prolog: Mar-07-2026 17:30:00
Job ID:    4265823
User ID:   rtulsyan3
Account:   coc
Job name:  cs6210-proj2-combined-8
Partition: coc-cpu
QOS:       coc-ice
---------------------------------------
Started on atl1-1-01-005-1-2.pace.gatech.edu
Number of threads 8, number of processes 6, avg time 0.000308580
Number of threads 8, number of processes 6, max time 0.030858040
Number of threads 8, number of processes 6, avg time 0.000308583
Number of threads 8, number of processes 6, max time 0.030858278
Number of threads 8, number of processes 6, avg time 0.000308521
Number of threads 8, number of processes 6, max time 0.030852079
Number of threads 8, number of processes 6, avg time 0.000308328
Number of threads 8, number of processes 6, max time 0.030832767
Number of threads 8, number of processes 6, avg time 0.000308437
Number of threads 8, number of processes 6, max time 0.030843735
Number of threads 8, number of processes 6, avg time 0.000308378
Number of threads 8, number of processes 6, max time 0.030837774
---------------------------------------
Begin Slurm Epilog: Mar-07-2026 17:30:02
Job ID:        4265823
User ID:       rtulsyan3
Account:       coc
Job name:      cs6210-proj2-combined-8
Resources:     cpu=48,mem=48G,node=6
Rsrc Used:     cput=00:01:36,vmem=0,walltime=00:00:02,mem=14676K,energy_used=0
Partition:     coc-cpu
QOS:           coc-ice
Nodes:         atl1-1-01-005-1-2,atl1-1-01-005-2-[1-2],atl1-1-01-005-3-[1-2],atl1-1-01-005-4-1
---------------------------------------
