---------------------------------------
Begin Slurm Prolog: Mar-07-2026 17:30:12
Job ID:    4265825
User ID:   rtulsyan3
Account:   coc
Job name:  cs6210-proj2-combined-10
Partition: coc-cpu
QOS:       coc-ice
---------------------------------------
Started on atl1-1-01-005-1-2.pace.gatech.edu
Number of threads 10, number of processes 6, avg time 0.000736594
Number of threads 10, number of processes 6, max time 0.073659420
Number of threads 10, number of processes 6, avg time 0.000736606
Number of threads 10, number of processes 6, max time 0.073660612
Number of threads 10, number of processes 6, avg time 0.000736601
Number of threads 10, number of processes 6, max time 0.073660135
Number of threads 10, number of processes 6, avg time 0.000736458
Number of threads 10, number of processes 6, max time 0.073645830
Number of threads 10, number of processes 6, avg time 0.000736327
Number of threads 10, number of processes 6, max time 0.073632717
Number of threads 10, number of processes 6, avg time 0.000736375
Number of threads 10, number of processes 6, max time 0.073637486
---------------------------------------
Begin Slurm Epilog: Mar-07-2026 17:30:14
Job ID:        4265825
User ID:       rtulsyan3
Account:       coc
Job name:      cs6210-proj2-combined-10
Resources:     cpu=60,mem=60G,node=6
Rsrc Used:     cput=00:02:00,vmem=0,walltime=00:00:02,mem=14668K,energy_used=0
Partition:     coc-cpu
QOS:           coc-ice
Nodes:         atl1-1-01-005-1-2,atl1-1-01-005-2-[1-2],atl1-1-01-005-3-[1-2],atl1-1-01-005-4-1
---------------------------------------
