---------------------------------------
Begin Slurm Prolog: Mar-07-2026 17:30:20
Job ID:    4265826
User ID:   rtulsyan3
Account:   coc
Job name:  cs6210-proj2-combined-12
Partition: coc-cpu
QOS:       coc-ice
---------------------------------------
Started on atl1-1-01-005-1-2.pace.gatech.edu
Number of threads 12, number of processes 6, avg time 0.000999441
Number of threads 12, number of processes 6, max time 0.099944115
Number of threads 12, number of processes 6, avg time 0.000999427
Number of threads 12, number of processes 6, max time 0.099942684
Number of threads 12, number of processes 6, avg time 0.000999415
Number of threads 12, number of processes 6, max time 0.099941492
Number of threads 12, number of processes 6, avg time 0.000999165
Number of threads 12, number of processes 6, max time 0.099916458
Number of threads 12, number of processes 6, avg time 0.000999224
Number of threads 12, number of processes 6, max time 0.099922419
Number of threads 12, number of processes 6, avg time 0.000999248
Number of threads 12, number of processes 6, max time 0.099924803
---------------------------------------
Begin Slurm Epilog: Mar-07-2026 17:30:22
Job ID:        4265826
User ID:       rtulsyan3
Account:       coc
Job name:      cs6210-proj2-combined-12
Resources:     cpu=72,mem=72G,node=6
Rsrc Used:     cput=00:02:24,vmem=0,walltime=00:00:02,mem=15032K,energy_used=0
Partition:     coc-cpu
QOS:           coc-ice
Nodes:         atl1-1-01-005-1-2,atl1-1-01-005-2-[1-2],atl1-1-01-005-3-[1-2],atl1-1-01-005-4-1
---------------------------------------
