---------------------------------------
Begin Slurm Prolog: Mar-07-2026 18:02:53
Job ID:    4266508
User ID:   rtulsyan3
Account:   coc
Job name:  cs6210-proj
Partition: coc-cpu
QOS:       coc-ice
---------------------------------------
Started on atl1-1-02-012-5-1.pace.gatech.edu
[AVG]Number of threads 2, number of processes 8, avg time 0.000046185
[MAX]Number of threads 2, number of processes 8, max time 0.004621744
---------------------------------------
Begin Slurm Epilog: Mar-07-2026 18:02:55
Job ID:        4266508
User ID:       rtulsyan3
Account:       coc
Job name:      cs6210-proj
Resources:     cpu=16,mem=16G,node=8
Rsrc Used:     cput=00:00:32,vmem=0,walltime=00:00:02,mem=13888K,energy_used=0
Partition:     coc-cpu
QOS:           coc-ice
Nodes:         atl1-1-02-012-5-[1-2],atl1-1-02-012-6-[1-2],atl1-1-02-012-7-[1-2],atl1-1-02-012-8-[1-2]
---------------------------------------
