---------------------------------------
Begin Slurm Prolog: Mar-07-2026 16:10:06
Job ID:    4263631
User ID:   psahu30
Account:   coc
Job name:  cs6210-proj2-combined-6
Partition: coc-cpu
QOS:       coc-ice
---------------------------------------
Started on atl1-1-03-003-16-2.pace.gatech.edu
Number of threads 6, number of processes 2, avg. time 123.940000000
Number of threads 6, number of processes 2, avg. time 12394.000000000
Number of threads 6, number of processes 2, avg. time 123.870000000
Number of threads 6, number of processes 2, avg. time 12387.000000000
---------------------------------------
Begin Slurm Epilog: Mar-07-2026 16:10:08
Job ID:        4263631
User ID:       psahu30
Account:       coc
Job name:      cs6210-proj2-combined-6
Resources:     cpu=12,mem=12G,node=2
Rsrc Used:     cput=00:00:24,vmem=0,walltime=00:00:02,mem=13956K,energy_used=0
Partition:     coc-cpu
QOS:           coc-ice
Nodes:         atl1-1-03-003-16-2,atl1-1-03-004-5-1
---------------------------------------
