---------------------------------------
Begin Slurm Prolog: Mar-07-2026 16:08:35
Job ID:    4263576
User ID:   psahu30
Account:   coc
Job name:  cs6210-proj2-combined-10
Partition: coc-cpu
QOS:       coc-ice
---------------------------------------
Started on atl1-1-03-003-16-2.pace.gatech.edu
Number of threads 10, number of processes 2, avg. time 183.760000000
Number of threads 10, number of processes 2, avg. time 18376.000000000
Number of threads 10, number of processes 2, avg. time 183.770000000
Number of threads 10, number of processes 2, avg. time 18377.000000000
---------------------------------------
Begin Slurm Epilog: Mar-07-2026 16:08:37
Job ID:        4263576
User ID:       psahu30
Account:       coc
Job name:      cs6210-proj2-combined-10
Resources:     cpu=20,mem=20G,node=2
Rsrc Used:     cput=00:00:40,vmem=0,walltime=00:00:02,mem=15396K,energy_used=0
Partition:     coc-cpu
QOS:           coc-ice
Nodes:         atl1-1-03-003-16-2,atl1-1-03-004-5-1
---------------------------------------
