---------------------------------------
Begin Slurm Prolog: Mar-07-2026 15:43:01
Job ID:    4262946
User ID:   psahu30
Account:   coc
Job name:  cs6210-proj2-combined-2
Partition: coc-cpu
QOS:       coc-ice
---------------------------------------
Started on atl1-1-02-010-6-2.pace.gatech.edu
Number of threads 2, number of processes 2, avg. time 45.180000000
Number of threads 2, number of processes 2, avg. time 45.130000000
---------------------------------------
Begin Slurm Epilog: Mar-07-2026 15:43:03
Job ID:        4262946
User ID:       psahu30
Account:       coc
Job name:      cs6210-proj2-combined-2
Resources:     cpu=4,mem=4G,node=2
Rsrc Used:     cput=00:00:08,vmem=0,walltime=00:00:02,mem=13932K,energy_used=0
Partition:     coc-cpu
QOS:           coc-ice
Nodes:         atl1-1-02-010-6-2,atl1-1-02-010-7-1
---------------------------------------
