---------------------------------------
Begin Slurm Prolog: Mar-07-2026 16:10:23
Job ID:    4263632
User ID:   psahu30
Account:   coc
Job name:  cs6210-proj2-combined-12
Partition: coc-cpu
QOS:       coc-ice
---------------------------------------
Started on atl1-1-03-003-16-2.pace.gatech.edu
Number of threads 12, number of processes 2, avg. time 225.460000000
Number of threads 12, number of processes 2, avg. time 22546.000000000
Number of threads 12, number of processes 2, avg. time 225.490000000
Number of threads 12, number of processes 2, avg. time 22549.000000000
---------------------------------------
Begin Slurm Epilog: Mar-07-2026 16:10:25
Job ID:        4263632
User ID:       psahu30
Account:       coc
Job name:      cs6210-proj2-combined-12
Resources:     cpu=24,mem=24G,node=2
Rsrc Used:     cput=00:00:48,vmem=0,walltime=00:00:02,mem=14636K,energy_used=0
Partition:     coc-cpu
QOS:           coc-ice
Nodes:         atl1-1-03-003-16-2,atl1-1-03-004-5-1
---------------------------------------
