---------------------------------------
Begin Slurm Prolog: Mar-07-2026 03:10:01
Job ID:    4252794
User ID:   psahu30
Account:   coc
Job name:  cs6210-proj2-mphello
Partition: coc-cpu
QOS:       coc-ice
---------------------------------------
Started on atl1-1-02-010-6-1.pace.gatech.edu
num_threads is 6
avg for thread 0 is 1.730000000
avg for thread 2 is 1.700000000
avg for thread 4 is 1.720000000
avg for thread 5 is 1.720000000
avg for thread 1 is 1.720000000
avg for thread 3 is 1.770000000
avg for thread 0 is 0.940000000
avg for thread 1 is 0.940000000
avg for thread 3 is 0.910000000
avg for thread 5 is 0.930000000
avg for thread 2 is 0.910000000
avg for thread 4 is 0.900000000
---------------------------------------
Begin Slurm Epilog: Mar-07-2026 03:10:02
Job ID:        4252794
User ID:       psahu30
Account:       coc
Job name:      cs6210-proj2-mphello
Resources:     cpu=6,mem=6G,node=1
Rsrc Used:     cput=00:00:06,vmem=0,walltime=00:00:01,mem=11004K,energy_used=0
Partition:     coc-cpu
QOS:           coc-ice
Nodes:         atl1-1-02-010-6-1
---------------------------------------
