---------------------------------------
Begin Slurm Prolog: Mar-06-2026 22:42:05
Job ID:    4246194
User ID:   psahu30
Account:   coc
Job name:  cs6210-proj2-mphello
Partition: coc-cpu
QOS:       coc-ice
---------------------------------------
Started on atl1-1-02-004-15-2.pace.gatech.edu
num_threads is 6
avg for thread 5 is 4.658400000
avg for thread 3 is 3.794800000
avg for thread 2 is 4.657900000
avg for thread 1 is 4.662300000
avg for thread 0 is 4.657700000
avg for thread 4 is 4.659600000
avg for thread 4 is 1.990300000
avg for thread 0 is 2.235600000
avg for thread 5 is 2.234300000
avg for thread 2 is 2.233000000
avg for thread 1 is 2.235300000
avg for thread 3 is 2.235800000
---------------------------------------
Begin Slurm Epilog: Mar-06-2026 22:42:07
Job ID:        4246194
User ID:       psahu30
Account:       coc
Job name:      cs6210-proj2-mphello
Resources:     cpu=6,mem=6G,node=1
Rsrc Used:     cput=00:00:12,vmem=0,walltime=00:00:02,mem=10928K,energy_used=0
Partition:     coc-cpu
QOS:           coc-ice
Nodes:         atl1-1-02-004-15-2
---------------------------------------
