---------------------------------------
Begin Slurm Prolog: Mar-06-2026 22:40:43
Job ID:    4246189
User ID:   psahu30
Account:   coc
Job name:  cs6210-proj2-mphello
Partition: coc-cpu
QOS:       coc-ice
---------------------------------------
Started on atl1-1-02-003-20-1.pace.gatech.edu
num_threads is 8
avg for thread 0 is 2.554300000
avg for thread 6 is 2.553300000
avg for thread 1 is 2.555800000
avg for thread 2 is 2.552000000
avg for thread 4 is 2.552200000
avg for thread 7 is 2.556800000
avg for thread 5 is 2.554200000
avg for thread 3 is 2.557100000
avg for thread 0 is 1.534100000
avg for thread 5 is 1.537500000
avg for thread 1 is 1.535700000
avg for thread 2 is 1.536800000
avg for thread 4 is 1.536300000
avg for thread 3 is 1.536900000
avg for thread 6 is 1.536800000
avg for thread 7 is 1.534300000
---------------------------------------
Begin Slurm Epilog: Mar-06-2026 22:40:44
Job ID:        4246189
User ID:       psahu30
Account:       coc
Job name:      cs6210-proj2-mphello
Resources:     cpu=8,mem=8G,node=1
Rsrc Used:     cput=00:00:08,vmem=0,walltime=00:00:01,mem=11048K,energy_used=0
Partition:     coc-cpu
QOS:           coc-ice
Nodes:         atl1-1-02-003-20-1
---------------------------------------
