---------------------------------------
Begin Slurm Prolog: Mar-06-2026 01:18:06
Job ID:    4230560
User ID:   psahu30
Account:   coc
Job name:  cs6210-proj2-mphello
Partition: ice-bw-cpu
QOS:       coc-ice
---------------------------------------
Started on atl1-1-02-003-31-0.pace.gatech.edu
num_threads is 6
avg for thread 0 is 2.900000000
avg for thread 4 is 3.100000000
avg for thread 2 is 3.000000000
avg for thread 5 is 2.900000000
avg for thread 1 is 3.000000000
avg for thread 3 is 3.000000000
thread 0 finalized
---------------------------------------
Begin Slurm Epilog: Mar-06-2026 01:18:08
Job ID:        4230560
User ID:       psahu30
Account:       coc
Job name:      cs6210-proj2-mphello
Resources:     cpu=6,mem=6G,node=1
Rsrc Used:     cput=00:00:06,vmem=0,walltime=00:00:01,mem=11816K,energy_used=0
Partition:     ice-bw-cpu
QOS:           coc-ice
Nodes:         atl1-1-02-003-31-0
---------------------------------------
