---------------------------------------
Begin Slurm Prolog: Mar-06-2026 01:17:25
Job ID:    4230555
User ID:   psahu30
Account:   coc
Job name:  cs6210-proj2-mphello
Partition: coc-cpu
QOS:       coc-ice
---------------------------------------
Started on atl1-1-02-010-1-1.pace.gatech.edu
num_threads is 4
avg for thread 0 is 1.300000000
avg for thread 2 is 1.200000000
avg for thread 3 is 1.300000000
avg for thread 1 is 1.400000000
thread 0 finalized
---------------------------------------
Begin Slurm Epilog: Mar-06-2026 01:17:27
Job ID:        4230555
User ID:       psahu30
Account:       coc
Job name:      cs6210-proj2-mphello
Resources:     cpu=4,mem=4G,node=1
Rsrc Used:     cput=00:00:12,vmem=0,walltime=00:00:03,mem=10568K,energy_used=0
Partition:     coc-cpu
QOS:           coc-ice
Nodes:         atl1-1-02-010-1-1
---------------------------------------
