---------------------------------------
Begin Slurm Prolog: Mar-06-2026 01:25:55
Job ID:    4230812
User ID:   psahu30
Account:   coc
Job name:  cs6210-proj2-mphello
Partition: ice-bw-cpu
QOS:       coc-ice
---------------------------------------
Started on atl1-1-02-003-31-0.pace.gatech.edu
num_threads is 2
avg for thread 0 is 1.000000000
avg for thread 1 is 1.500000000
thread 0 finalized
---------------------------------------
Begin Slurm Epilog: Mar-06-2026 01:25:56
Job ID:        4230812
User ID:       psahu30
Account:       coc
Job name:      cs6210-proj2-mphello
Resources:     cpu=2,mem=2G,node=1
Rsrc Used:     cput=00:00:02,vmem=0,walltime=00:00:01,mem=10640K,energy_used=0
Partition:     ice-bw-cpu
QOS:           coc-ice
Nodes:         atl1-1-02-003-31-0
---------------------------------------
