---------------------------------------
Begin Slurm Prolog: Mar-06-2026 01:27:55
Job ID:    4230816
User ID:   psahu30
Account:   coc
Job name:  cs6210-proj2-mphello
Partition: ice-bw-cpu
QOS:       coc-ice
---------------------------------------
Started on atl1-1-02-003-31-0.pace.gatech.edu
Entering tree construction
Created root node
avg for thread 1 is 4.500000000
avg for thread 2 is 4.500000000
avg for thread 3 is 4.600000000
avg for thread 0 is 4.400000000
---------------------------------------
Begin Slurm Epilog: Mar-06-2026 01:27:57
Job ID:        4230816
User ID:       psahu30
Account:       coc
Job name:      cs6210-proj2-mphello
Resources:     cpu=4,mem=4G,node=1
Rsrc Used:     cput=00:00:04,vmem=0,walltime=00:00:01,mem=10728K,energy_used=0
Partition:     ice-bw-cpu
QOS:           coc-ice
Nodes:         atl1-1-02-003-31-0
---------------------------------------
