---------------------------------------
Begin Slurm Prolog: Mar-07-2026 18:02:47
Job ID:    4266494
User ID:   rtulsyan3
Account:   coc
Job name:  cs6210-proj2-combined-4
Partition: coc-cpu
QOS:       coc-ice
---------------------------------------
Started on atl1-1-02-012-5-1.pace.gatech.edu
[AVG]Number of threads 4, number of processes 8, avg time 0.000075509
[MAX]Number of threads 4, number of processes 8, max time 0.007555008
---------------------------------------
Begin Slurm Epilog: Mar-07-2026 18:02:49
Job ID:        4266494
User ID:       rtulsyan3
Account:       coc
Job name:      cs6210-proj2-combined-4
Resources:     cpu=32,mem=32G,node=8
Rsrc Used:     cput=00:01:04,vmem=0,walltime=00:00:02,mem=14152K,energy_used=0
Partition:     coc-cpu
QOS:           coc-ice
Nodes:         atl1-1-02-012-5-[1-2],atl1-1-02-012-6-[1-2],atl1-1-02-012-7-[1-2],atl1-1-02-012-8-[1-2]
---------------------------------------
