---------------------------------------
Begin Slurm Prolog: Mar-07-2026 18:02:30
Job ID:    4266490
User ID:   rtulsyan3
Account:   coc
Job name:  cs6210-proj2-combined-12
Partition: coc-cpu
QOS:       coc-ice
---------------------------------------
Started on atl1-1-02-012-5-1.pace.gatech.edu
[AVG]Number of threads 12, number of processes 8, avg time 0.000233206
[MAX]Number of threads 12, number of processes 8, max time 0.023323298
---------------------------------------
Begin Slurm Epilog: Mar-07-2026 18:02:32
Job ID:        4266490
User ID:       rtulsyan3
Account:       coc
Job name:      cs6210-proj2-combined-12
Resources:     cpu=96,mem=96G,node=8
Rsrc Used:     cput=00:03:12,vmem=0,walltime=00:00:02,mem=14980K,energy_used=0
Partition:     coc-cpu
QOS:           coc-ice
Nodes:         atl1-1-02-012-5-[1-2],atl1-1-02-012-6-[1-2],atl1-1-02-012-7-[1-2],atl1-1-02-012-8-[1-2]
---------------------------------------
