---------------------------------------
Begin Slurm Prolog: Mar-07-2026 17:38:36
Job ID:    4265874
User ID:   rtulsyan3
Account:   coc
Job name:  cs6210-proj2-combined-10
Partition: coc-cpu
QOS:       coc-ice
---------------------------------------
Started on atl1-1-02-012-5-1.pace.gatech.edu
Number of threads 10, number of processes 8, avg time 0.002285869
Number of threads 10, number of processes 8, max time 0.228586912
Number of threads 10, number of processes 8, avg time 0.002285843
Number of threads 10, number of processes 8, max time 0.228584290
Number of threads 10, number of processes 8, avg time 0.002285843
Number of threads 10, number of processes 8, max time 0.228584290
Number of threads 10, number of processes 8, avg time 0.002285819
Number of threads 10, number of processes 8, max time 0.228581905
Number of threads 10, number of processes 8, avg time 0.002285817
Number of threads 10, number of processes 8, max time 0.228581667
Number of threads 10, number of processes 8, avg time 0.002285876
Number of threads 10, number of processes 8, max time 0.228587627
Number of threads 10, number of processes 8, avg time 0.002285814
Number of threads 10, number of processes 8, max time 0.228581429
Number of threads 10, number of processes 8, avg time 0.002285857
Number of threads 10, number of processes 8, max time 0.228585720
---------------------------------------
Begin Slurm Epilog: Mar-07-2026 17:38:38
Job ID:        4265874
User ID:       rtulsyan3
Account:       coc
Job name:      cs6210-proj2-combined-10
Resources:     cpu=80,mem=80G,node=8
Rsrc Used:     cput=00:02:40,vmem=0,walltime=00:00:02,mem=15172K,energy_used=0
Partition:     coc-cpu
QOS:           coc-ice
Nodes:         atl1-1-02-012-5-[1-2],atl1-1-02-012-6-[1-2],atl1-1-02-012-7-[1-2],atl1-1-02-012-8-[1-2]
---------------------------------------
