---------------------------------------
Begin Slurm Prolog: Mar-07-2026 17:38:48
Job ID:    4265879
User ID:   rtulsyan3
Account:   coc
Job name:  cs6210-proj2-combined-4
Partition: coc-cpu
QOS:       coc-ice
---------------------------------------
Started on atl1-1-02-012-5-1.pace.gatech.edu
Number of threads 4, number of processes 8, avg time 0.001114025
Number of threads 4, number of processes 8, max time 0.111402512
Number of threads 4, number of processes 8, avg time 0.001114018
Number of threads 4, number of processes 8, max time 0.111401796
Number of threads 4, number of processes 8, avg time 0.001114025
Number of threads 4, number of processes 8, max time 0.111402512
Number of threads 4, number of processes 8, avg time 0.001113982
Number of threads 4, number of processes 8, max time 0.111398220
Number of threads 4, number of processes 8, avg time 0.001113987
Number of threads 4, number of processes 8, max time 0.111398697
Number of threads 4, number of processes 8, avg time 0.001114001
Number of threads 4, number of processes 8, max time 0.111400127
Number of threads 4, number of processes 8, avg time 0.001113989
Number of threads 4, number of processes 8, max time 0.111398935
Number of threads 4, number of processes 8, avg time 0.001113987
Number of threads 4, number of processes 8, max time 0.111398697
---------------------------------------
Begin Slurm Epilog: Mar-07-2026 17:38:50
Job ID:        4265879
User ID:       rtulsyan3
Account:       coc
Job name:      cs6210-proj2-combined-4
Resources:     cpu=32,mem=32G,node=8
Rsrc Used:     cput=00:01:04,vmem=0,walltime=00:00:02,mem=14500K,energy_used=0
Partition:     coc-cpu
QOS:           coc-ice
Nodes:         atl1-1-02-012-5-[1-2],atl1-1-02-012-6-[1-2],atl1-1-02-012-7-[1-2],atl1-1-02-012-8-[1-2]
---------------------------------------
