---------------------------------------
Begin Slurm Prolog: Mar-07-2026 17:38:45
Job ID:    4265878
User ID:   rtulsyan3
Account:   coc
Job name:  cs6210-proj2-combined-6
Partition: coc-cpu
QOS:       coc-ice
---------------------------------------
Started on atl1-1-02-012-5-1.pace.gatech.edu
Number of threads 6, number of processes 8, avg time 0.003206787
Number of threads 6, number of processes 8, max time 0.320678711
Number of threads 6, number of processes 8, avg time 0.003206816
Number of threads 6, number of processes 8, max time 0.320681572
Number of threads 6, number of processes 8, avg time 0.003206840
Number of threads 6, number of processes 8, max time 0.320683956
Number of threads 6, number of processes 8, avg time 0.003206413
Number of threads 6, number of processes 8, max time 0.320641279
Number of threads 6, number of processes 8, avg time 0.003206820
Number of threads 6, number of processes 8, max time 0.320682049
Number of threads 6, number of processes 8, avg time 0.003206799
Number of threads 6, number of processes 8, max time 0.320679903
Number of threads 6, number of processes 8, avg time 0.003206785
Number of threads 6, number of processes 8, max time 0.320678473
Number of threads 6, number of processes 8, avg time 0.003206816
Number of threads 6, number of processes 8, max time 0.320681572
---------------------------------------
Begin Slurm Epilog: Mar-07-2026 17:38:47
Job ID:        4265878
User ID:       rtulsyan3
Account:       coc
Job name:      cs6210-proj2-combined-6
Resources:     cpu=48,mem=48G,node=8
Rsrc Used:     cput=00:01:36,vmem=0,walltime=00:00:02,mem=14400K,energy_used=0
Partition:     coc-cpu
QOS:           coc-ice
Nodes:         atl1-1-02-012-5-[1-2],atl1-1-02-012-6-[1-2],atl1-1-02-012-7-[1-2],atl1-1-02-012-8-[1-2]
---------------------------------------
