---------------------------------------
Begin Slurm Prolog: Mar-07-2026 18:02:07
Job ID:    4266488
User ID:   rtulsyan3
Account:   coc
Job name:  cs6210-proj2-combined-12
Partition: coc-cpu
QOS:       coc-ice
---------------------------------------
Started on atl1-1-01-005-1-2.pace.gatech.edu
[AVG]Number of threads 12, number of processes 6, avg time 0.001370351
[MAX]Number of threads 12, number of processes 6, max time 0.137048721
---------------------------------------
Begin Slurm Epilog: Mar-07-2026 18:02:09
Job ID:        4266488
User ID:       rtulsyan3
Account:       coc
Job name:      cs6210-proj2-combined-12
Resources:     cpu=72,mem=72G,node=6
Rsrc Used:     cput=00:02:24,vmem=0,walltime=00:00:02,mem=15352K,energy_used=0
Partition:     coc-cpu
QOS:           coc-ice
Nodes:         atl1-1-01-005-1-2,atl1-1-01-005-2-[1-2],atl1-1-01-005-3-[1-2],atl1-1-01-005-4-1
---------------------------------------
